#
# There is insufficient memory for the Java Runtime Environment to continue.
# Native memory allocation (malloc) failed to allocate 114480 bytes for Chunk::new
# Possible reasons:
#   The system is out of physical RAM or swap space
#   In 32 bit mode, the process size limit was hit
# Possible solutions:
#   Reduce memory load on the system
#   Increase physical memory or swap space
#   Check if swap backing store is full
#   Use 64 bit Java on a 64 bit OS
#   Decrease Java heap size (-Xmx/-Xms)
#   Decrease number of Java threads
#   Decrease Java thread stack sizes (-Xss)
#   Set larger code cache with -XX:ReservedCodeCacheSize=
# This output file may be truncated or incomplete.
#
#  Out of Memory Error (allocation.cpp:390), pid=23436, tid=0x0000000000001d6c
#
# JRE version: Java(TM) SE Runtime Environment (8.0_151-b12) (build 1.8.0_151-b12)
# Java VM: Java HotSpot(TM) 64-Bit Server VM (25.151-b12 mixed mode windows-amd64 compressed oops)
# Failed to write core dump. Minidumps are not enabled by default on client versions of Windows
#

---------------  T H R E A D  ---------------

Current thread (0x0000000019677800):  JavaThread "C2 CompilerThread2" daemon [_thread_in_native, id=7532, stack(0x000000001aef0000,0x000000001aff0000)]

Stack: [0x000000001aef0000,0x000000001aff0000]
[error occurred during error reporting (printing stack bounds), id 0xc0000005]

Native frames: (J=compiled Java code, j=interpreted, Vv=VM code, C=native code)


Current CompileTask:
C2:   5573  402       4       java.io.BufferedInputStream::read1 (108 bytes)


---------------  P R O C E S S  ---------------

Java Threads: ( => current thread )
  0x000000001b4e3800 JavaThread "SeedGenerator Thread" daemon [_thread_blocked, id=39624, stack(0x000000002b250000,0x000000002b350000)]
  0x000000001b578800 JavaThread "SeedGenerator Thread" daemon [_thread_in_Java, id=31664, stack(0x0000000029c50000,0x0000000029d50000)]
  0x000000001b55a800 JavaThread "Thread-1" [_thread_blocked, id=22788, stack(0x0000000028780000,0x0000000028880000)]
  0x000000001b4e4800 JavaThread "AWT-Windows" daemon [_thread_in_native, id=35192, stack(0x000000001bf40000,0x000000001c040000)]
  0x000000001b4e3000 JavaThread "Java2D Disposer" daemon [_thread_blocked, id=35024, stack(0x000000001bc60000,0x000000001bd60000)]
  0x00000000196ff800 JavaThread "Service Thread" daemon [_thread_blocked, id=7772, stack(0x000000001b0f0000,0x000000001b1f0000)]
  0x0000000019678000 JavaThread "C1 CompilerThread3" daemon [_thread_blocked, id=6776, stack(0x000000001aff0000,0x000000001b0f0000)]
=>0x0000000019677800 JavaThread "C2 CompilerThread2" daemon [_thread_in_native, id=7532, stack(0x000000001aef0000,0x000000001aff0000)]
  0x0000000019672800 JavaThread "C2 CompilerThread1" daemon [_thread_blocked, id=32924, stack(0x000000001adf0000,0x000000001aef0000)]
  0x000000001965f000 JavaThread "C2 CompilerThread0" daemon [_thread_blocked, id=39148, stack(0x000000001acf0000,0x000000001adf0000)]
  0x0000000019659000 JavaThread "Attach Listener" daemon [_thread_blocked, id=39400, stack(0x000000001abf0000,0x000000001acf0000)]
  0x0000000002d9e800 JavaThread "Signal Dispatcher" daemon [_thread_blocked, id=32308, stack(0x000000001aaf0000,0x000000001abf0000)]
  0x0000000019653000 JavaThread "Finalizer" daemon [_thread_blocked, id=39572, stack(0x000000001a8c0000,0x000000001a9c0000)]
  0x0000000017f6d000 JavaThread "Reference Handler" daemon [_thread_blocked, id=38740, stack(0x000000001a7c0000,0x000000001a8c0000)]
  0x0000000002c9d800 JavaThread "main" [_thread_in_native, id=39048, stack(0x0000000002b40000,0x0000000002c40000)]

Other Threads:
  0x0000000019632800 VMThread [stack: 0x000000001a6c0000,0x000000001a7c0000] [id=23980]
  0x0000000019722800 WatcherThread [stack: 0x000000001b360000,0x000000001b460000] [id=38016]

VM state:not at safepoint (normal execution)

VM Mutex/Monitor currently owned by a thread: None

Heap:
 PSYoungGen      total 38400K, used 18982K [0x00000000d5b80000, 0x00000000d8600000, 0x0000000100000000)
  eden space 33280K, 41% used [0x00000000d5b80000,0x00000000d69176d8,0x00000000d7c00000)
  from space 5120K, 98% used [0x00000000d7c00000,0x00000000d80f23c0,0x00000000d8100000)
  to   space 5120K, 0% used [0x00000000d8100000,0x00000000d8100000,0x00000000d8600000)
 ParOldGen       total 87552K, used 26024K [0x0000000081200000, 0x0000000086780000, 0x00000000d5b80000)
  object space 87552K, 29% used [0x0000000081200000,0x0000000082b6a200,0x0000000086780000)
 Metaspace       used 8928K, capacity 9228K, committed 9472K, reserved 1060864K
  class space    used 1067K, capacity 1158K, committed 1280K, reserved 1048576K

Card table byte_map: [0x0000000012160000,0x0000000012560000] byte_map_base: 0x0000000011d57000

Marking Bits: (ParMarkBitMap*) 0x000000005233d850
 Begin Bits: [0x0000000013210000, 0x00000000151c8000)
 End Bits:   [0x00000000151c8000, 0x0000000017180000)

Polling page: 0x0000000001310000

CodeCache: size=245760Kb used=1972Kb max_used=1972Kb free=243787Kb
 bounds [0x0000000002da0000, 0x0000000003010000, 0x0000000011da0000]
 total_blobs=818 nmethods=401 adapters=331
 compilation: enabled

Compilation events (10 events):
Event: 5.495 Thread 0x0000000019678000 nmethod 396 0x0000000002f8aa10 code [0x0000000002f8ab80, 0x0000000002f8ade8]
Event: 5.495 Thread 0x0000000019678000  397       3       javax.imageio.ImageReader::processImageUpdate (73 bytes)
Event: 5.496 Thread 0x0000000019678000 nmethod 397 0x0000000002f8aed0 code [0x0000000002f8b080, 0x0000000002f8b6c8]
Event: 5.530 Thread 0x0000000019678000  399       3       java.util.concurrent.ConcurrentHashMap::casTabAt (20 bytes)
Event: 5.530 Thread 0x0000000019678000 nmethod 399 0x0000000002f8b990 code [0x0000000002f8bae0, 0x0000000002f8bc50]
Event: 5.531 Thread 0x0000000019678000  400  s    3       java.util.Vector::elementAt (48 bytes)
Event: 5.532 Thread 0x0000000019678000 nmethod 400 0x0000000002f8bcd0 code [0x0000000002f8bee0, 0x0000000002f8ca68]
Event: 5.541 Thread 0x0000000019678000  401       3       java.util.AbstractMap::<init> (5 bytes)
Event: 5.542 Thread 0x0000000019678000 nmethod 401 0x0000000002f8d010 code [0x0000000002f8d160, 0x0000000002f8d310]
Event: 5.552 Thread 0x0000000019677800  402       4       java.io.BufferedInputStream::read1 (108 bytes)

GC Heap History (2 events):
Event: 5.542 GC heap before
{Heap before GC invocations=1 (full 0):
 PSYoungGen      total 38400K, used 26494K [0x00000000d5b80000, 0x00000000d8600000, 0x0000000100000000)
  eden space 33280K, 79% used [0x00000000d5b80000,0x00000000d755f960,0x00000000d7c00000)
  from space 5120K, 0% used [0x00000000d8100000,0x00000000d8100000,0x00000000d8600000)
  to   space 5120K, 0% used [0x00000000d7c00000,0x00000000d7c00000,0x00000000d8100000)
 ParOldGen       total 87552K, used 0K [0x0000000081200000, 0x0000000086780000, 0x00000000d5b80000)
  object space 87552K, 0% used [0x0000000081200000,0x0000000081200000,0x0000000086780000)
 Metaspace       used 8926K, capacity 9228K, committed 9472K, reserved 1060864K
  class space    used 1066K, capacity 1158K, committed 1280K, reserved 1048576K
Event: 5.550 GC heap after
Heap after GC invocations=1 (full 0):
 PSYoungGen      total 38400K, used 5064K [0x00000000d5b80000, 0x00000000d8600000, 0x0000000100000000)
  eden space 33280K, 0% used [0x00000000d5b80000,0x00000000d5b80000,0x00000000d7c00000)
  from space 5120K, 98% used [0x00000000d7c00000,0x00000000d80f23c0,0x00000000d8100000)
  to   space 5120K, 0% used [0x00000000d8100000,0x00000000d8100000,0x00000000d8600000)
 ParOldGen       total 87552K, used 26024K [0x0000000081200000, 0x0000000086780000, 0x00000000d5b80000)
  object space 87552K, 29% used [0x0000000081200000,0x0000000082b6a200,0x0000000086780000)
 Metaspace       used 8926K, capacity 9228K, committed 9472K, reserved 1060864K
  class space    used 1066K, capacity 1158K, committed 1280K, reserved 1048576K
}

Deoptimization events (2 events):
Event: 0.442 Thread 0x0000000002c9d800 Uncommon trap: reason=unstable_if action=reinterpret pc=0x0000000002f57450 method=java.lang.String.indexOf([CII[CIII)I @ 3
Event: 0.702 Thread 0x000000001b578800 Uncommon trap: reason=unstable_if action=reinterpret pc=0x0000000002f57fec method=sun.security.provider.SeedGenerator$ThreadedSeedGenerator.run()V @ 118

Internal exceptions (10 events):
Event: 0.045 Thread 0x0000000002c9d800 Exception <a 'java/lang/NoSuchMethodError': Method sun.misc.Unsafe.prefetchRead(Ljava/lang/Object;J)V name or signature does not match> (0x00000000d5b87f90) thrown at [C:\re\workspace\8-2-build-windows-amd64-cygwin\jdk8u151\9699\hotspot\src\share\vm\prims
Event: 0.083 Thread 0x0000000002c9d800 Exception <a 'java/io/FileNotFoundException'> (0x00000000d5be14f0) thrown at [C:\re\workspace\8-2-build-windows-amd64-cygwin\jdk8u151\9699\hotspot\src\share\vm\prims\jni.cpp, line 709]
Event: 0.109 Thread 0x0000000002c9d800 Exception <a 'java/security/PrivilegedActionException'> (0x00000000d5cd1650) thrown at [C:\re\workspace\8-2-build-windows-amd64-cygwin\jdk8u151\9699\hotspot\src\share\vm\prims\jvm.cpp, line 1390]
Event: 0.109 Thread 0x0000000002c9d800 Exception <a 'java/security/PrivilegedActionException'> (0x00000000d5cd1860) thrown at [C:\re\workspace\8-2-build-windows-amd64-cygwin\jdk8u151\9699\hotspot\src\share\vm\prims\jvm.cpp, line 1390]
Event: 0.110 Thread 0x0000000002c9d800 Exception <a 'java/security/PrivilegedActionException'> (0x00000000d5cd54d0) thrown at [C:\re\workspace\8-2-build-windows-amd64-cygwin\jdk8u151\9699\hotspot\src\share\vm\prims\jvm.cpp, line 1390]
Event: 0.110 Thread 0x0000000002c9d800 Exception <a 'java/security/PrivilegedActionException'> (0x00000000d5cd56e0) thrown at [C:\re\workspace\8-2-build-windows-amd64-cygwin\jdk8u151\9699\hotspot\src\share\vm\prims\jvm.cpp, line 1390]
Event: 0.113 Thread 0x0000000002c9d800 Exception <a 'java/io/FileNotFoundException'> (0x00000000d5cd8470) thrown at [C:\re\workspace\8-2-build-windows-amd64-cygwin\jdk8u151\9699\hotspot\src\share\vm\prims\jni.cpp, line 709]
Event: 0.142 Thread 0x0000000002c9d800 Exception <a 'java/lang/NoSuchFieldError': method resolution failed> (0x00000000d5da5b10) thrown at [C:\re\workspace\8-2-build-windows-amd64-cygwin\jdk8u151\9699\hotspot\src\share\vm\prims\methodHandles.cpp, line 1146]
Event: 0.144 Thread 0x0000000002c9d800 Exception <a 'java/lang/NoSuchFieldError': method resolution failed> (0x00000000d5db2ee0) thrown at [C:\re\workspace\8-2-build-windows-amd64-cygwin\jdk8u151\9699\hotspot\src\share\vm\prims\methodHandles.cpp, line 1146]
Event: 0.178 Thread 0x0000000002c9d800 Exception <a 'java/io/FileNotFoundException'> (0x00000000d5e50f38) thrown at [C:\re\workspace\8-2-build-windows-amd64-cygwin\jdk8u151\9699\hotspot\src\share\vm\prims\jni.cpp, line 709]

Events (10 events):
Event: 5.551 Executing VM operation: RevokeBias
Event: 5.552 Executing VM operation: RevokeBias done
Event: 5.552 Executing VM operation: RevokeBias
Event: 5.552 Executing VM operation: RevokeBias done
Event: 5.552 Executing VM operation: RevokeBias
Event: 5.552 Executing VM operation: RevokeBias done
Event: 5.552 Executing VM operation: RevokeBias
Event: 5.552 Executing VM operation: RevokeBias done
Event: 5.552 loading class java/io/FileOutputStream$1
Event: 5.552 loading class java/io/FileOutputStream$1 done


Dynamic libraries:
0x00007ff7b16f0000 - 0x00007ff7b1727000 	C:\Program Files\Java\jre1.8.0_151\bin\javaw.exe
0x00007ffa1c360000 - 0x00007ffa1c54d000 	C:\WINDOWS\SYSTEM32\ntdll.dll
0x00007ff9fb130000 - 0x00007ff9fb142000 	C:\Program Files\AVAST Software\Avast\aswhook.dll
0x00007ffa1c010000 - 0x00007ffa1c0c3000 	C:\WINDOWS\System32\KERNEL32.DLL
0x00007ffa186c0000 - 0x00007ffa18953000 	C:\WINDOWS\System32\KERNELBASE.dll
0x00007ffa1c150000 - 0x00007ffa1c1f3000 	C:\WINDOWS\System32\ADVAPI32.dll
0x00007ffa1b210000 - 0x00007ffa1b2ae000 	C:\WINDOWS\System32\msvcrt.dll
0x00007ffa19590000 - 0x00007ffa1962e000 	C:\WINDOWS\System32\sechost.dll
0x00007ffa1c200000 - 0x00007ffa1c322000 	C:\WINDOWS\System32\RPCRT4.dll
0x00007ffa1b510000 - 0x00007ffa1b6a7000 	C:\WINDOWS\System32\USER32.dll
0x00007ffa191c0000 - 0x00007ffa191e0000 	C:\WINDOWS\System32\win32u.dll
0x00007ffa1bf70000 - 0x00007ffa1bf99000 	C:\WINDOWS\System32\GDI32.dll
0x00007ffa193f0000 - 0x00007ffa19589000 	C:\WINDOWS\System32\gdi32full.dll
0x00007ffa18620000 - 0x00007ffa186c0000 	C:\WINDOWS\System32\msvcp_win.dll
0x00007ffa18430000 - 0x00007ffa1852a000 	C:\WINDOWS\System32\ucrtbase.dll
0x00007ffa08150000 - 0x00007ffa083c9000 	C:\WINDOWS\WinSxS\amd64_microsoft.windows.common-controls_6595b64144ccf1df_6.0.17763.615_none_05b4414a072024d4\COMCTL32.dll
0x00007ffa19630000 - 0x00007ffa1995c000 	C:\WINDOWS\System32\combase.dll
0x00007ffa185a0000 - 0x00007ffa1861e000 	C:\WINDOWS\System32\bcryptPrimitives.dll
0x00007ffa1b430000 - 0x00007ffa1b45e000 	C:\WINDOWS\System32\IMM32.DLL
0x0000000051880000 - 0x0000000051952000 	C:\Program Files\Java\jre1.8.0_151\bin\msvcr100.dll
0x0000000051b20000 - 0x00000000523bd000 	C:\Program Files\Java\jre1.8.0_151\bin\server\jvm.dll
0x00007ffa1c140000 - 0x00007ffa1c148000 	C:\WINDOWS\System32\PSAPI.DLL
0x00007ffa0ecb0000 - 0x00007ffa0ecb9000 	C:\WINDOWS\SYSTEM32\WSOCK32.dll
0x00007ffa1c0d0000 - 0x00007ffa1c13d000 	C:\WINDOWS\System32\WS2_32.dll
0x00007ffa09b30000 - 0x00007ffa09b54000 	C:\WINDOWS\SYSTEM32\WINMM.dll
0x00007ffa140e0000 - 0x00007ffa140ea000 	C:\WINDOWS\SYSTEM32\VERSION.dll
0x00007ffa09b00000 - 0x00007ffa09b2d000 	C:\WINDOWS\SYSTEM32\WINMMBASE.dll
0x00007ffa18530000 - 0x00007ffa1857a000 	C:\WINDOWS\System32\cfgmgr32.dll
0x0000000051a30000 - 0x0000000051a3f000 	C:\Program Files\Java\jre1.8.0_151\bin\verify.dll
0x0000000051a00000 - 0x0000000051a29000 	C:\Program Files\Java\jre1.8.0_151\bin\java.dll
0x00000000519e0000 - 0x00000000519f6000 	C:\Program Files\Java\jre1.8.0_151\bin\zip.dll
0x00007ffa19d20000 - 0x00007ffa1b210000 	C:\WINDOWS\System32\SHELL32.dll
0x00007ffa1b380000 - 0x00007ffa1b428000 	C:\WINDOWS\System32\shcore.dll
0x00007ffa18960000 - 0x00007ffa190aa000 	C:\WINDOWS\System32\windows.storage.dll
0x00007ffa183e0000 - 0x00007ffa18404000 	C:\WINDOWS\System32\profapi.dll
0x00007ffa18380000 - 0x00007ffa183dd000 	C:\WINDOWS\System32\powrprof.dll
0x00007ffa1bfb0000 - 0x00007ffa1c002000 	C:\WINDOWS\System32\shlwapi.dll
0x00007ffa18360000 - 0x00007ffa18371000 	C:\WINDOWS\System32\kernel.appcore.dll
0x00007ffa18580000 - 0x00007ffa18597000 	C:\WINDOWS\System32\cryptsp.dll
0x00000000516e0000 - 0x0000000051878000 	C:\Program Files\Java\jre1.8.0_151\bin\awt.dll
0x00007ffa19960000 - 0x00007ffa19a24000 	C:\WINDOWS\System32\OLEAUT32.dll
0x00007ffa16450000 - 0x00007ffa164dc000 	C:\WINDOWS\SYSTEM32\apphelp.dll
0x00007ffa167d0000 - 0x00007ffa167fe000 	C:\WINDOWS\system32\DWMAPI.DLL
0x00007ffa19210000 - 0x00007ffa193eb000 	C:\WINDOWS\System32\CRYPT32.dll
0x00007ffa18410000 - 0x00007ffa18422000 	C:\WINDOWS\System32\MSASN1.dll
0x00007ffa166b0000 - 0x00007ffa1674c000 	C:\WINDOWS\system32\uxtheme.dll
0x00007ff9eec90000 - 0x00007ff9eedb7000 	C:\WINDOWS\system32\opengl32.dll
0x00007ffa04900000 - 0x00007ffa0492c000 	C:\WINDOWS\SYSTEM32\GLU32.dll
0x00007ffa1b880000 - 0x00007ffa1b9eb000 	C:\WINDOWS\System32\MSCTF.dll
0x00007ffa19b60000 - 0x00007ffa19cb5000 	C:\WINDOWS\System32\ole32.dll
0x00007ffa03cc0000 - 0x00007ffa03e5e000 	C:\WINDOWS\system32\d3d9.dll
0x00007ffa06eb0000 - 0x00007ffa06f9c000 	C:\WINDOWS\System32\DriverStore\FileRepository\nv_dispi.inf_amd64_f5be1f8d25335236\nvldumdx.dll
0x00007ffa19160000 - 0x00007ffa191b9000 	C:\WINDOWS\System32\WINTRUST.DLL
0x00007ffa1b860000 - 0x00007ffa1b87d000 	C:\WINDOWS\System32\imagehlp.dll
0x00007ffa17790000 - 0x00007ffa177c3000 	C:\WINDOWS\system32\rsaenh.dll
0x00007ffa191e0000 - 0x00007ffa19206000 	C:\WINDOWS\System32\bcrypt.dll
0x00007ffa17da0000 - 0x00007ffa17dac000 	C:\WINDOWS\SYSTEM32\CRYPTBASE.dll
0x00007ff9d57e0000 - 0x00007ff9d6a19000 	C:\WINDOWS\System32\DriverStore\FileRepository\nv_dispi.inf_amd64_f5be1f8d25335236\nvd3dumx.dll
0x00007ffa03fa0000 - 0x00007ffa04063000 	C:\Program Files (x86)\NVIDIA Corporation\3D Vision\nvSCPAPI64.dll
0x00007ffa1b9f0000 - 0x00007ffa1be66000 	C:\WINDOWS\System32\SETUPAPI.dll
0x00007ff9eb330000 - 0x00007ff9eb574000 	C:\WINDOWS\system32\nvspcap64.dll
0x00007ffa173f0000 - 0x00007ffa17421000 	C:\WINDOWS\SYSTEM32\ntmarta.dll
0x00007ffa17030000 - 0x00007ffa17052000 	C:\WINDOWS\SYSTEM32\gpapi.dll
0x00007ffa13a10000 - 0x00007ffa13a3f000 	C:\WINDOWS\SYSTEM32\cryptnet.dll
0x00000000519c0000 - 0x00000000519da000 	C:\Program Files\Java\jre1.8.0_151\bin\net.dll
0x00007ffa17bd0000 - 0x00007ffa17c37000 	C:\WINDOWS\system32\mswsock.dll
0x00000000519a0000 - 0x00000000519b1000 	C:\Program Files\Java\jre1.8.0_151\bin\nio.dll
0x00007ffa18260000 - 0x00007ffa18288000 	C:\WINDOWS\SYSTEM32\USERENV.dll
0x00007ffa17930000 - 0x00007ffa1796d000 	C:\WINDOWS\SYSTEM32\IPHLPAPI.DLL
0x00007ffa1bfa0000 - 0x00007ffa1bfa8000 	C:\WINDOWS\System32\NSI.dll
0x00007ffa12610000 - 0x00007ffa12626000 	C:\WINDOWS\SYSTEM32\dhcpcsvc6.DLL
0x00007ffa125f0000 - 0x00007ffa1260c000 	C:\WINDOWS\SYSTEM32\dhcpcsvc.DLL
0x00007ffa17980000 - 0x00007ffa17a46000 	C:\WINDOWS\SYSTEM32\DNSAPI.dll

VM Arguments:
jvm_args: -Dfile.encoding=Cp1252 
java_command: graphics.Frame
java_class_path (initial): C:\Program Files\Java\jre1.8.0_151\lib\resources.jar;C:\Program Files\Java\jre1.8.0_151\lib\rt.jar;C:\Program Files\Java\jre1.8.0_151\lib\jsse.jar;C:\Program Files\Java\jre1.8.0_151\lib\jce.jar;C:\Program Files\Java\jre1.8.0_151\lib\charsets.jar;C:\Program Files\Java\jre1.8.0_151\lib\jfr.jar;C:\Program Files\Java\jre1.8.0_151\lib\ext\access-bridge-64.jar;C:\Program Files\Java\jre1.8.0_151\lib\ext\cldrdata.jar;C:\Program Files\Java\jre1.8.0_151\lib\ext\dnsns.jar;C:\Program Files\Java\jre1.8.0_151\lib\ext\jaccess.jar;C:\Program Files\Java\jre1.8.0_151\lib\ext\jfxrt.jar;C:\Program Files\Java\jre1.8.0_151\lib\ext\localedata.jar;C:\Program Files\Java\jre1.8.0_151\lib\ext\nashorn.jar;C:\Program Files\Java\jre1.8.0_151\lib\ext\sunec.jar;C:\Program Files\Java\jre1.8.0_151\lib\ext\sunjce_provider.jar;C:\Program Files\Java\jre1.8.0_151\lib\ext\sunmscapi.jar;C:\Program Files\Java\jre1.8.0_151\lib\ext\sunpkcs11.jar;C:\Program Files\Java\jre1.8.0_151\lib\ext\zipfs.jar;C:\Users\Marius\git\tetris-n-run\bin
Launcher Type: SUN_STANDARD

Environment Variables:
PATH=C:/Program Files/Java/jre1.8.0_151/bin/server;C:/Program Files/Java/jre1.8.0_151/bin;C:/Program Files/Java/jre1.8.0_151/lib/amd64;C:\Program Files\Oculus\Support\oculus-runtime;C:\ProgramData\Oracle\Java\javapath;C:\WINDOWS\system32;C:\WINDOWS;C:\WINDOWS\System32\Wbem;C:\WINDOWS\System32\WindowsPowerShell\v1.0\;C:\Program Files\dotnet\;C:\Program Files\nodejs\;C:\WINDOWS\System32\OpenSSH\;C:\Program Files (x86)\NVIDIA Corporation\PhysX\Common;%SystemRoot%\system32;%SystemRoot%;%SystemRoot%\System32\Wbem;%SYSTEMROOT%\System32\WindowsPowerShell\v1.0\;%SYSTEMROOT%\System32\OpenSSH\;C:\Users\Marius\AppData\Local\Microsoft\WindowsApps;C:\Users\Marius\AppData\Roaming\npm;;F:\Users\Marius\eclipse\java-oxygen\eclipse;
USERNAME=Marius
OS=Windows_NT
PROCESSOR_IDENTIFIER=AMD64 Family 23 Model 1 Stepping 1, AuthenticAMD



---------------  S Y S T E M  ---------------

OS: Windows 10.0 , 64 bit Build 17763 (10.0.17763.475)

CPU:total 12 (initial active 12) (12 cores per cpu, 1 threads per core) family 23 model 1 stepping 1, cmov, cx8, fxsr, mmx, sse, sse2, sse3, ssse3, sse4.1, sse4.2, popcnt, avx, avx2, aes, clmul, mmxext, 3dnowpref, lzcnt, sse4a, tsc, tscinvbit, tscinv, bmi1

Memory: 4k page, physical 8314780k(690604k free), swap 33480604k(3800k free)

vm_info: Java HotSpot(TM) 64-Bit Server VM (25.151-b12) for windows-amd64 JRE (1.8.0_151-b12), built on Sep  5 2017 19:33:46 by "java_re" with MS VC++ 10.0 (VS2010)

time: Mon Jul 22 15:05:11 2019
elapsed time: 5 seconds (0d 0h 0m 5s)

